build/app/outputs/mapping/release/seeds.txt
com.example.herit_homes.MainActivity
com.example.herit_homes.MainActivity: MainActivity()
...
androidx.core.view.WindowInsetsCompat$Impl20: WindowInsetsCompat$Impl20(androidx.core.view.WindowInsetsCompat,androidx.core.view.WindowInsetsCompat$Impl20)
com.google.android.gms.common.server.response.FastJsonResponse: void zai(com.google.android.gms.common.server.response.FastJsonResponse$Field,boolean)
com.google.android.recaptcha.internal.zzhh: int zzz(long)
com.google.android.gms.internal.firebase-auth-api.zzja: byte[] zza(byte[],byte[])
androidx.appcompat.widget.Toolbar: int getCurrentContentInsetLeft()
androidx.window.embedding.SplitController: void registerRule(androidx.window.embedding.EmbeddingRule)
com.google.android.gms.internal.firebase-auth-api.zzafv: java.lang.String zzc()
com.google.android.gms.tasks.zzf: com.google.android.gms.tasks.zzw zzb(com.google.android.gms.tasks.zzf)
com.google.android.gms.internal.common.zzg: zzg()
com.google.android.gms.internal.firebase-auth-api.zzaje: boolean zzu()
com.google.android.gms.internal.firebase-auth-api.zzfm: com.google.android.gms.internal.firebase-auth-api.zzou zza(com.google.android.gms.internal.firebase-auth-api.zzfg,com.google.android.gms.internal.firebase-auth-api.zzcn)
com.google.android.gms.internal.fido.zzaz: com.google.android.gms.internal.fido.zzaz zzg(int,int)
com.google.android.gms.internal.firebase-auth-api.zzsj: com.google.android.gms.internal.firebase-auth-api.zzsk zze()
com.google.android.gms.internal.fido.zzbl: boolean hasNext()
com.google.android.gms.internal.auth.zzgz: java.lang.Object zza(java.lang.Object)
com.google.android.gms.internal.fido.zzbg: java.lang.Object firstKey()
com.google.android.gms.internal.firebase-auth-api.zzcz: zzcz(com.google.android.gms.internal.firebase-auth-api.zzdg,com.google.android.gms.internal.firebase-auth-api.zzxw,com.google.android.gms.internal.firebase-auth-api.zzxw,com.google.android.gms.internal.firebase-auth-api.zzxv,java.lang.Integer)
com.google.android.gms.internal.firebase-auth-api.zzago: long zzd()
com.google.android.gms.internal.tasks.zza: zza()
com.google.android.recaptcha.internal.zzkw: java.util.Iterator iterator()
com.google.android.gms.internal.auth.zzga: void zzg(java.lang.Object,byte[],int,int,com.google.android.gms.internal.auth.zzdt)
androidx.appcompat.widget.Toolbar: int getContentInsetStart()
com.google.android.recaptcha.internal.zzmd: void zzq(int,java.lang.Object,com.google.android.recaptcha.internal.zzkr)
io.flutter.plugins.firebase.storage.FlutterFirebaseStorageTask$FlutterFirebaseStorageTaskType: io.flutter.plugins.firebase.storage.FlutterFirebaseStorageTask$FlutterFirebaseStorageTaskType[] values()
com.google.android.recaptcha.RecaptchaAction$Companion: RecaptchaAction$Companion()
androidx.core.view.MenuItemCompat$Api26Impl: android.view.MenuItem setIconTintList(android.view.MenuItem,android.content.res.ColorStateList)
com.google.android.gms.internal.firebase-auth-api.zzace: void zza(com.google.android.gms.tasks.TaskCompletionSource,com.google.android.gms.internal.firebase-auth-api.zzaci)
com.google.android.gms.internal.firebase-auth-api.zzlj: void zza(boolean)
com.google.android.recaptcha.internal.zzie: zzie()
com.google.android.gms.internal.firebase-auth-api.zzqn: java.lang.Object zza(com.google.android.gms.internal.firebase-auth-api.zzbu)
com.google.android.gms.internal.base.zas: java.util.concurrent.ExecutorService zab(int,int)
com.google.android.recaptcha.internal.zzki: void zzg(java.lang.Object,java.lang.Object)
com.google.android.gms.internal.firebase-auth-api.zzsz: void zza(int)
androidx.core.view.ViewCompat$Api21Impl: void setOnApplyWindowInsetsListener(android.view.View,androidx.core.view.OnApplyWindowInsetsListener)
com.google.android.gms.internal.firebase-auth-api.zzail: double zza()
androidx.core.view.ViewCompat$Api17Impl: void setLayoutDirection(android.view.View,int)
com.google.android.recaptcha.internal.zzoc: void zzL(com.google.android.recaptcha.internal.zzoc,java.lang.String)
com.google.android.gms.internal.firebase-auth-api.zzaau: java.lang.String zza()