build/app/outputs/mapping/release/mapping.txt
# compiler: R8
# compiler_version: 3.3.70
# min_api: 23
# common_typos_disable
# {"id":"com.android.tools.r8.mapping","version":"2.0"}
# pg_map_id: 2cab291
# pg_map_hash: SHA-256 2cab291540058c5b43f732a5d9e9c73be85210c3cb6221c00e7ff5da50b7c7b0
...
android.icu.text.DecimalFormatSymbols -> android.icu.text.DecimalFormatSymbols:
# {"id":"com.android.tools.r8.synthesized"}
    void <clinit>() -> <clinit>
      # {"id":"com.android.tools.r8.synthesized"}
    android.icu.text.DecimalFormatSymbols getInstance(java.util.Locale) -> getInstance
      # {"id":"com.android.tools.r8.synthesized"}
android.os.LocaleList -> android.os.LocaleList:
# {"id":"com.android.tools.r8.synthesized"}
    void <clinit>() -> <clinit>
      # {"id":"com.android.tools.r8.synthesized"}
    void <init>(java.util.Locale[]) -> <init>
      # {"id":"com.android.tools.r8.synthesized"}
    boolean equals(java.lang.Object) -> equals
      # {"id":"com.android.tools.r8.synthesized"}
    android.os.LocaleList forLanguageTags(java.lang.String) -> forLanguageTags
      # {"id":"com.android.tools.r8.synthesized"}
    java.util.Locale get(int) -> get
      # {"id":"com.android.tools.r8.synthesized"}
    android.os.LocaleList getAdjustedDefault() -> getAdjustedDefault
      # {"id":"com.android.tools.r8.synthesized"}
    android.os.LocaleList getDefault() -> getDefault
      # {"id":"com.android.tools.r8.synthesized"}
    int hashCode() -> hashCode
      # {"id":"com.android.tools.r8.synthesized"}
    int size() -> size
      # {"id":"com.android.tools.r8.synthesized"}
    java.lang.String toString() -> toString
      # {"id":"com.android.tools.r8.synthesized"}
android.support.customtabs.ICustomTabsCallback -> b.a:
    android.os.Bundle extraCallbackWithResult(java.lang.String,android.os.Bundle) -> C
    void onPostMessage(java.lang.String,android.os.Bundle) -> H
    void onMessageChannelReady(android.os.Bundle) -> K
    void onRelationshipValidationResult(int,android.net.Uri,boolean,android.os.Bundle) -> M
    void onActivityResized(int,int,android.os.Bundle) -> e
    void extraCallback(java.lang.String,android.os.Bundle) -> q
    void onNavigationEvent(int,android.os.Bundle) -> x
android.support.customtabs.ICustomTabsCallback$Stub -> b.a$a:
android.support.customtabs.ICustomTabsCallback$_Parcel -> b.a$b:
    java.lang.Object access$000(android.os.Parcel,android.os.Parcelable$Creator) -> a
    void access$100(android.os.Parcel,android.os.Parcelable,int) -> b
    java.lang.Object readTypedObject(android.os.Parcel,android.os.Parcelable$Creator) -> c
    void writeTypedObject(android.os.Parcel,android.os.Parcelable,int) -> d
android.support.customtabs.ICustomTabsService -> b.b:
    boolean mayLaunchUrl(android.support.customtabs.ICustomTabsCallback,android.net.Uri,android.os.Bundle,java.util.List) -> D
    boolean warmup(long) -> L
    boolean newSession(android.support.customtabs.ICustomTabsCallback) -> Q
    boolean newSessionWithExtras(android.support.customtabs.ICustomTabsCallback,android.os.Bundle) -> s
android.support.customtabs.ICustomTabsService$Stub -> b.b$a:
    android.support.customtabs.ICustomTabsService asInterface(android.os.IBinder) -> c
android.support.customtabs.ICustomTabsService$Stub$Proxy -> b.b$a$a:
    android.os.IBinder mRemote -> a
    boolean mayLaunchUrl(android.support.customtabs.ICustomTabsCallback,android.net.Uri,android.os.Bundle,java.util.List) -> D
    boolean warmup(long) -> L
    boolean newSession(android.support.customtabs.ICustomTabsCallback) -> Q
    boolean newSessionWithExtras(android.support.customtabs.ICustomTabsCallback,android.os.Bundle) -> s
android.support.customtabs.ICustomTabsService$_Parcel -> b.b$b:
    void access$100(android.os.Parcel,android.os.Parcelable,int) -> a
    void writeTypedObject(android.os.Parcel,android.os.Parcelable,int) -> b
android.support.v4.media.MediaBrowserCompat$CustomActionResultReceiver -> android.support.v4.media.MediaBrowserCompat$CustomActionResultReceiver:
    void onReceiveResult(int,android.os.Bundle) -> a
android.support.v4.media.MediaBrowserCompat$ItemReceiver -> android.support.v4.media.MediaBrowserCompat$ItemReceiver:
    void onReceiveResult(int,android.os.Bundle) -> a