build/app/outputs/mapping/release/usage.txt
com.example.herit_homes.BuildConfig
com.example.herit_homes.R$anim
com.example.herit_homes.R$animator
com.example.herit_homes.R$attr
com.example.herit_homes.R$bool
com.example.herit_homes.R$color
com.example.herit_homes.R$dimen
com.example.herit_homes.R$drawable
com.example.herit_homes.R$id
com.example.herit_homes.R$integer
com.example.herit_homes.R$interpolator
com.example.herit_homes.R$layout
com.example.herit_homes.R$mipmap
com.example.herit_homes.R$raw
com.example.herit_homes.R$string
com.example.herit_homes.R$style
com.example.herit_homes.R$styleable
com.example.herit_homes.R$xml
com.example.herit_homes.R
...
com.facebook.appevents.InternalAppEventsLogger$Companion:
    public final void setUserData(android.os.Bundle)
com.facebook.appevents.InternalAppEventsLogger:
    public static final java.util.concurrent.Executor getAnalyticsExecutor()
    public static final com.facebook.appevents.AppEventsLogger$FlushBehavior getFlushBehavior()
    public static final java.lang.String getPushNotificationsRegistrationId()
    public static final void setInternalUserData(java.util.Map)
    public static final void setUserData(android.os.Bundle)
com.facebook.appevents.PerformanceGuardian$UseCase
com.facebook.appevents.PerformanceGuardian$WhenMappings
com.facebook.appevents.PerformanceGuardian
com.facebook.appevents.PersistedEvents$SerializationProxyV1:
    private static final long serialVersionUID
com.facebook.appevents.PersistedEvents:
    private static final long serialVersionUID
    public final boolean containsKey(com.facebook.appevents.AccessTokenAppIdPair)
com.facebook.appevents.SessionEventsState:
    public final synchronized void accumulatePersistedEvents(java.util.List)
com.facebook.appevents.UserDataStore$clear$1
com.facebook.appevents.UserDataStore$setUserDataAndHash$1
com.facebook.appevents.UserDataStore:
    public static final java.lang.String CITY
    public static final java.lang.String COUNTRY
    private static final java.lang.String DATA_SEPARATOR
    public static final java.lang.String DATE_OF_BIRTH
    public static final java.lang.String EMAIL
    public static final java.lang.String FIRST_NAME
    public static final java.lang.String GENDER
    private static final java.lang.String INTERNAL_USER_DATA_KEY
    public static final java.lang.String LAST_NAME
    private static final int MAX_NUM
    public static final java.lang.String PHONE
    public static final java.lang.String STATE
    private static final java.lang.String USER_DATA_KEY
    public static final java.lang.String ZIP
    public static final synthetic java.util.concurrent.ConcurrentHashMap access$getExternalHashedUserData$p(com.facebook.appevents.UserDataStore)
    public static final synthetic java.util.concurrent.ConcurrentHashMap access$getInternalHashedUserData$p(com.facebook.appevents.UserDataStore)
    public static final synthetic java.lang.String access$getTAG$p(com.facebook.appevents.UserDataStore)
    public static final synthetic void access$setSharedPreferences$p(com.facebook.appevents.UserDataStore,android.content.SharedPreferences)
    public static final synthetic void access$updateHashUserData(com.facebook.appevents.UserDataStore,android.os.Bundle)
com.facebook.appevents.aam.MetadataIndexer:
    public static final synthetic boolean access$getEnabled$p(com.facebook.appevents.aam.MetadataIndexer)
com.facebook.appevents.aam.MetadataMatcher:
    private static final int MAX_INDICATOR_LENGTH
com.facebook.appevents.aam.MetadataRule:
    private static final java.lang.String FIELD_K
    private static final java.lang.String FIELD_K_DELIMITER
    private static final java.lang.String FIELD_V
    public static final java.util.Set getEnabledRuleNames()
    public static final java.util.Set getRules()
    public static final void updateRules(java.lang.String)
com.facebook.appevents.aam.MetadataViewObserver$Companion:
    public final void stopTrackingActivity(android.app.Activity)
com.facebook.appevents.aam.MetadataViewObserver:
    private static final int MAX_TEXT_LENGTH
    public static final synthetic void access$stopTracking(com.facebook.appevents.aam.MetadataViewObserver)
    public static final void startTrackingActivity(android.app.Activity)
    private final void stopTracking()
    public static final void stopTrackingActivity(android.app.Activity)
com.facebook.appevents.codeless.CodelessLoggingEventListener$AutoLoggingOnClickListener:
    public final void setSupportCodelessLogging(boolean)